25-08-02.10:29:25.544 [main            ] INFO  IIndexGroupBuyMarketServiceTest - Starting IIndexGroupBuyMarketServiceTest using Java 1.8.0_442 on JUN with PID 46208 (started by lenovo in D:\javacode\group-buy-market\group-buy-market-jun\group-buy-market-jun-app)
25-08-02.10:29:25.545 [main            ] INFO  IIndexGroupBuyMarketServiceTest - The following 1 profile is active: "dev"
25-08-02.10:29:26.303 [main            ] INFO  RepositoryConfigurationDelegate - Multiple Spring Data modules found, entering strict repository configuration mode
25-08-02.10:29:26.305 [main            ] INFO  RepositoryConfigurationDelegate - Bootstrapping Spring Data Redis repositories in DEFAULT mode.
25-08-02.10:29:26.335 [main            ] INFO  RepositoryConfigurationDelegate - Finished Spring Data repository scanning in 16 ms. Found 0 Redis repository interfaces.
25-08-02.10:29:26.568 [main            ] INFO  PostProcessorRegistrationDelegate$BeanPostProcessorChecker - Bean 'redisClientConfig' of type [cn.bugstack.config.RedisClientConfig$$EnhancerBySpringCGLIB$$973cf2ae] is not eligible for getting processed by all BeanPostProcessors (for example: not eligible for auto-proxying)
25-08-02.10:29:26.922 [main            ] INFO  PostProcessorRegistrationDelegate$BeanPostProcessorChecker - Bean 'redis.sdk.config-cn.bugstack.config.RedisClientConfigProperties' of type [cn.bugstack.config.RedisClientConfigProperties] is not eligible for getting processed by all BeanPostProcessors (for example: not eligible for auto-proxying)
25-08-02.10:29:27.561 [main            ] INFO  Version                - Redisson 3.26.0
25-08-02.10:29:28.155 [redisson-netty-1-4] INFO  ConnectionsHolder      - 1 connections initialized for 127.0.0.1/127.0.0.1:6379
25-08-02.10:29:28.164 [redisson-netty-1-13] INFO  ConnectionsHolder      - 5 connections initialized for 127.0.0.1/127.0.0.1:6379
25-08-02.10:29:28.198 [main            ] INFO  PostProcessorRegistrationDelegate$BeanPostProcessorChecker - Bean 'redissonClient' of type [org.redisson.Redisson] is not eligible for getting processed by all BeanPostProcessors (for example: not eligible for auto-proxying)
25-08-02.10:29:30.422 [main            ] INFO  EndpointLinksResolver  - Exposing 1 endpoint(s) beneath base path '/actuator'
25-08-02.10:29:30.502 [main            ] INFO  IIndexGroupBuyMarketServiceTest - Started IIndexGroupBuyMarketServiceTest in 5.303 seconds (JVM running for 6.045)
25-08-02.10:29:31.118 [main            ] INFO  RootNode               - 拼团商品查询试算服务-RootNode userId:xiaofuge requestParameter:{"channel":"c01","goodsId":"9890001","source":"s01","userId":"xiaofuge"}
25-08-02.10:29:31.118 [main            ] INFO  SwitchNode             - 拼团商品查询试算服务-SwitchNode userId:xiaofuge requestParameter:{"channel":"c01","goodsId":"9890001","source":"s01","userId":"xiaofuge"}
25-08-02.10:29:31.123 [main            ] INFO  SwitchNode             - 拼团活动降级拦截 xiaofuge
25-08-02.11:20:23.160 [main            ] INFO  MarketTradeControllerTest - Starting MarketTradeControllerTest using Java 1.8.0_442 on JUN with PID 52356 (started by lenovo in D:\javacode\group-buy-market\group-buy-market-jun\group-buy-market-jun-app)
25-08-02.11:20:23.161 [main            ] INFO  MarketTradeControllerTest - The following 1 profile is active: "dev"
25-08-02.11:20:24.182 [main            ] INFO  RepositoryConfigurationDelegate - Multiple Spring Data modules found, entering strict repository configuration mode
25-08-02.11:20:24.185 [main            ] INFO  RepositoryConfigurationDelegate - Bootstrapping Spring Data Redis repositories in DEFAULT mode.
25-08-02.11:20:24.217 [main            ] INFO  RepositoryConfigurationDelegate - Finished Spring Data repository scanning in 19 ms. Found 0 Redis repository interfaces.
25-08-02.11:20:24.474 [main            ] INFO  PostProcessorRegistrationDelegate$BeanPostProcessorChecker - Bean 'redisClientConfig' of type [cn.bugstack.config.RedisClientConfig$$EnhancerBySpringCGLIB$$42a51c8f] is not eligible for getting processed by all BeanPostProcessors (for example: not eligible for auto-proxying)
25-08-02.11:20:24.788 [main            ] INFO  PostProcessorRegistrationDelegate$BeanPostProcessorChecker - Bean 'redis.sdk.config-cn.bugstack.config.RedisClientConfigProperties' of type [cn.bugstack.config.RedisClientConfigProperties] is not eligible for getting processed by all BeanPostProcessors (for example: not eligible for auto-proxying)
25-08-02.11:20:25.483 [main            ] INFO  Version                - Redisson 3.26.0
25-08-02.11:20:26.148 [redisson-netty-1-4] INFO  ConnectionsHolder      - 1 connections initialized for 127.0.0.1/127.0.0.1:6379
25-08-02.11:20:26.157 [redisson-netty-1-13] INFO  ConnectionsHolder      - 5 connections initialized for 127.0.0.1/127.0.0.1:6379
25-08-02.11:20:26.191 [main            ] INFO  PostProcessorRegistrationDelegate$BeanPostProcessorChecker - Bean 'redissonClient' of type [org.redisson.Redisson] is not eligible for getting processed by all BeanPostProcessors (for example: not eligible for auto-proxying)
25-08-02.11:20:28.408 [main            ] INFO  EndpointLinksResolver  - Exposing 1 endpoint(s) beneath base path '/actuator'
25-08-02.11:20:28.471 [main            ] INFO  MarketTradeControllerTest - Started MarketTradeControllerTest in 5.668 seconds (JVM running for 6.384)
25-08-02.11:20:29.037 [main            ] INFO  MarketTradeController  - 营销交易锁单:xiaofuge LockMarketPayOrderRequestDTO:{"activityId":100123,"channel":"c01","goodsId":"9890001","outTradeNo":"783556205635","source":"s01","userId":"xiaofuge"}
25-08-02.11:20:29.037 [main            ] INFO  TradeOrderService      - 拼团交易-查询未支付营销订单:xiaofuge outTradeNo:783556205635
25-08-02.11:20:29.056 [main            ] INFO  HikariDataSource       - HikariPool-1 - Starting...
25-08-02.11:20:29.332 [main            ] INFO  HikariDataSource       - HikariPool-1 - Start completed.
25-08-02.11:20:29.371 [main            ] INFO  RootNode               - 拼团商品查询试算服务-RootNode userId:xiaofuge requestParameter:{"activityId":100123,"channel":"c01","goodsId":"9890001","source":"s01","userId":"xiaofuge"}
25-08-02.11:20:29.371 [main            ] INFO  SwitchNode             - 拼团商品查询试算服务-SwitchNode userId:xiaofuge requestParameter:{"activityId":100123,"channel":"c01","goodsId":"9890001","source":"s01","userId":"xiaofuge"}
25-08-02.11:20:29.375 [main            ] INFO  SwitchNode             - 拼团活动降级拦截 xiaofuge
25-08-02.11:20:29.377 [main            ] ERROR MarketTradeController  - 营销交易锁单业务异常:xiaofuge LockMarketPayOrderRequestDTO:{"activityId":100123,"channel":"c01","goodsId":"9890001","outTradeNo":"783556205635","source":"s01","userId":"xiaofuge"}
cn.bugstack.types.exception.AppException: null
	at cn.bugstack.domain.activity.service.trial.node.SwitchNode.doApply(SwitchNode.java:38)
	at cn.bugstack.domain.activity.service.trial.node.SwitchNode.doApply(SwitchNode.java:21)
	at cn.bugstack.types.design.framework.tree.AbstractMultiThreadStrategyRouter.apply(AbstractMultiThreadStrategyRouter.java:29)
	at cn.bugstack.types.design.framework.tree.AbstractMultiThreadStrategyRouter.router(AbstractMultiThreadStrategyRouter.java:22)
	at cn.bugstack.domain.activity.service.trial.node.RootNode.doApply(RootNode.java:37)
	at cn.bugstack.domain.activity.service.trial.node.RootNode.doApply(RootNode.java:22)
	at cn.bugstack.types.design.framework.tree.AbstractMultiThreadStrategyRouter.apply(AbstractMultiThreadStrategyRouter.java:29)
	at cn.bugstack.domain.activity.service.IndexGroupBuyMarketServiceImpl.indexMarketTrial(IndexGroupBuyMarketServiceImpl.java:27)
	at cn.bugstack.trigger.http.MarketTradeController.lockMarketPayOrder(MarketTradeController.java:97)
	at cn.bugstack.test.trigger.MarketTradeControllerTest.test_lockMarketPayOrder(MarketTradeControllerTest.java:42)
	at sun.reflect.NativeMethodAccessorImpl.invoke0(Native Method)
	at sun.reflect.NativeMethodAccessorImpl.invoke(NativeMethodAccessorImpl.java:62)
	at sun.reflect.DelegatingMethodAccessorImpl.invoke(DelegatingMethodAccessorImpl.java:43)
	at java.lang.reflect.Method.invoke(Method.java:498)
	at org.junit.runners.model.FrameworkMethod$1.runReflectiveCall(FrameworkMethod.java:59)
	at org.junit.internal.runners.model.ReflectiveCallable.run(ReflectiveCallable.java:12)
	at org.junit.runners.model.FrameworkMethod.invokeExplosively(FrameworkMethod.java:56)
	at org.junit.internal.runners.statements.InvokeMethod.evaluate(InvokeMethod.java:17)
	at org.springframework.test.context.junit4.statements.RunBeforeTestExecutionCallbacks.evaluate(RunBeforeTestExecutionCallbacks.java:74)
	at org.springframework.test.context.junit4.statements.RunAfterTestExecutionCallbacks.evaluate(RunAfterTestExecutionCallbacks.java:84)
	at org.springframework.test.context.junit4.statements.RunBeforeTestMethodCallbacks.evaluate(RunBeforeTestMethodCallbacks.java:75)
	at org.springframework.test.context.junit4.statements.RunAfterTestMethodCallbacks.evaluate(RunAfterTestMethodCallbacks.java:86)
	at org.springframework.test.context.junit4.statements.SpringRepeat.evaluate(SpringRepeat.java:84)
	at org.junit.runners.ParentRunner.runLeaf(ParentRunner.java:366)
	at org.springframework.test.context.junit4.SpringJUnit4ClassRunner.runChild(SpringJUnit4ClassRunner.java:251)
	at org.springframework.test.context.junit4.SpringJUnit4ClassRunner.runChild(SpringJUnit4ClassRunner.java:97)
	at org.junit.runners.ParentRunner$4.run(ParentRunner.java:331)
	at org.junit.runners.ParentRunner$1.schedule(ParentRunner.java:79)
	at org.junit.runners.ParentRunner.runChildren(ParentRunner.java:329)
	at org.junit.runners.ParentRunner.access$100(ParentRunner.java:66)
	at org.junit.runners.ParentRunner$2.evaluate(ParentRunner.java:293)
	at org.springframework.test.context.junit4.statements.RunBeforeTestClassCallbacks.evaluate(RunBeforeTestClassCallbacks.java:61)
	at org.springframework.test.context.junit4.statements.RunAfterTestClassCallbacks.evaluate(RunAfterTestClassCallbacks.java:70)
	at org.junit.runners.ParentRunner$3.evaluate(ParentRunner.java:306)
	at org.junit.runners.ParentRunner.run(ParentRunner.java:413)
	at org.springframework.test.context.junit4.SpringJUnit4ClassRunner.run(SpringJUnit4ClassRunner.java:190)
	at org.junit.runner.JUnitCore.run(JUnitCore.java:137)
	at com.intellij.junit4.JUnit4IdeaTestRunner.startRunnerWithArgs(JUnit4IdeaTestRunner.java:69)
	at com.intellij.rt.junit.IdeaTestRunner$Repeater$1.execute(IdeaTestRunner.java:38)
	at com.intellij.rt.execution.junit.TestsRepeater.repeat(TestsRepeater.java:11)
	at com.intellij.rt.junit.IdeaTestRunner$Repeater.startRunnerWithArgs(IdeaTestRunner.java:35)
	at com.intellij.rt.junit.JUnitStarter.prepareStreamsAndStart(JUnitStarter.java:232)
	at com.intellij.rt.junit.JUnitStarter.main(JUnitStarter.java:55)
25-08-02.11:20:29.379 [main            ] INFO  MarketTradeControllerTest - 测试结果 req:{"activityId":100123,"channel":"c01","goodsId":"9890001","outTradeNo":"783556205635","source":"s01","userId":"xiaofuge"} res:{"code":"E0003","info":"拼团活动降级拦截"}
25-08-02.11:20:29.393 [SpringApplicationShutdownHook] INFO  HikariDataSource       - HikariPool-1 - Shutdown initiated...
25-08-02.11:20:29.398 [SpringApplicationShutdownHook] INFO  HikariDataSource       - HikariPool-1 - Shutdown completed.
